2011.12.11 20:22 B n:\webs\softmv.com\PrattBuild\includes\activity_by_me.php --> prattbuild.ca /prattbuild_secure/includes activity_by_me.php
2011.12.11 20:22 B n:\webs\softmv.com\PrattBuild\includes\activity_by_others.php --> prattbuild.ca /prattbuild_secure/includes activity_by_others.php
2011.12.11 20:22 B n:\webs\softmv.com\PrattBuild\includes\activity_expected.php --> prattbuild.ca /prattbuild_secure/includes activity_expected.php
2011.12.11 20:22 B n:\webs\softmv.com\PrattBuild\includes\check_session.php --> prattbuild.ca /prattbuild_secure/includes check_session.php
2011.12.11 20:22 B n:\webs\softmv.com\PrattBuild\includes\head_text.php --> prattbuild.ca /prattbuild_secure/includes head_text.php
2011.12.11 20:22 B n:\webs\softmv.com\PrattBuild\includes\index.php --> prattbuild.ca /prattbuild_secure/includes index.php
2011.12.11 20:22 B n:\webs\softmv.com\PrattBuild\includes\index_logic.php --> prattbuild.ca /prattbuild_secure/includes index_logic.php
2011.12.11 20:22 B n:\webs\softmv.com\PrattBuild\includes\initialize_logic.php --> prattbuild.ca /prattbuild_secure/includes initialize_logic.php
2011.12.11 20:22 B n:\webs\softmv.com\PrattBuild\includes\leftSideBar.php --> prattbuild.ca /prattbuild_secure/includes leftSideBar.php
2011.12.11 20:22 B n:\webs\softmv.com\PrattBuild\includes\login_screen.php --> prattbuild.ca /prattbuild_secure/includes login_screen.php
2011.12.11 20:22 B n:\webs\softmv.com\PrattBuild\includes\lot_aps_details_page.php --> prattbuild.ca /prattbuild_secure/includes lot_aps_details_page.php
2011.12.11 20:22 B n:\webs\softmv.com\PrattBuild\includes\lot_details_page.php --> prattbuild.ca /prattbuild_secure/includes lot_details_page.php
2011.12.11 20:22 B n:\webs\softmv.com\PrattBuild\includes\lot_filters_form.php --> prattbuild.ca /prattbuild_secure/includes lot_filters_form.php
2011.12.11 20:22 B n:\webs\softmv.com\PrattBuild\includes\lot_notes.php --> prattbuild.ca /prattbuild_secure/includes lot_notes.php
2011.12.11 20:22 B n:\webs\softmv.com\PrattBuild\includes\manage_notes.php --> prattbuild.ca /prattbuild_secure/includes manage_notes.php
2011.12.11 20:22 B n:\webs\softmv.com\PrattBuild\includes\my_watchlist.php --> prattbuild.ca /prattbuild_secure/includes my_watchlist.php
2011.12.11 20:22 B n:\webs\softmv.com\PrattBuild\includes\showhomes_page.php --> prattbuild.ca /prattbuild_secure/includes showhomes_page.php
2011.12.11 20:22 B n:\webs\softmv.com\PrattBuild\includes\site_link_bar.php --> prattbuild.ca /prattbuild_secure/includes site_link_bar.php
2011.12.11 20:22 B n:\webs\softmv.com\PrattBuild\includes\site_list_page.php --> prattbuild.ca /prattbuild_secure/includes site_list_page.php
2011.12.11 20:22 B n:\webs\softmv.com\PrattBuild\includes\site_lots_page.php --> prattbuild.ca /prattbuild_secure/includes site_lots_page.php
2011.12.11 20:22 B n:\webs\softmv.com\PrattBuild\includes\site_lots_post_build_page.php --> prattbuild.ca /prattbuild_secure/includes site_lots_post_build_page.php
2011.12.11 20:22 B n:\webs\softmv.com\PrattBuild\includes\stats_all_sites_summary.php --> prattbuild.ca /prattbuild_secure/includes stats_all_sites_summary.php
2011.12.11 20:22 B n:\webs\softmv.com\PrattBuild\includes\stats_month_day_grid.php --> prattbuild.ca /prattbuild_secure/includes stats_month_day_grid.php
2011.12.11 20:22 B n:\webs\softmv.com\PrattBuild\includes\stats_site_closings.php --> prattbuild.ca /prattbuild_secure/includes stats_site_closings.php
2011.12.11 20:23 B n:\webs\softmv.com\PrattBuild\includes\table_aps_financial.php --> prattbuild.ca /prattbuild_secure/includes table_aps_financial.php
2011.12.11 20:23 B n:\webs\softmv.com\PrattBuild\includes\table_aps_header.php --> prattbuild.ca /prattbuild_secure/includes table_aps_header.php
2011.12.11 20:23 B n:\webs\softmv.com\PrattBuild\includes\table_aps_price.php --> prattbuild.ca /prattbuild_secure/includes table_aps_price.php
2011.12.11 20:23 B n:\webs\softmv.com\PrattBuild\includes\table_offer_amendments.php --> prattbuild.ca /prattbuild_secure/includes table_offer_amendments.php
2011.12.11 20:23 B n:\webs\softmv.com\PrattBuild\includes\table_offer_change_orders.php --> prattbuild.ca /prattbuild_secure/includes table_offer_change_orders.php
2011.12.11 20:23 B n:\webs\softmv.com\PrattBuild\includes\table_offer_extras.php --> prattbuild.ca /prattbuild_secure/includes table_offer_extras.php
2011.12.11 20:23 B n:\webs\softmv.com\PrattBuild\includes\table_offer_work_credits.php --> prattbuild.ca /prattbuild_secure/includes table_offer_work_credits.php
2011.12.11 20:23 B n:\webs\softmv.com\PrattBuild\includes\upload_document.php --> prattbuild.ca /prattbuild_secure/includes upload_document.php
2011.12.11 20:23 B n:\webs\softmv.com\PrattBuild\includes\uploaded_documents.php --> prattbuild.ca /prattbuild_secure/includes uploaded_documents.php
2011.12.11 20:23 B n:\webs\softmv.com\PrattBuild\includes\user_home_page.php --> prattbuild.ca /prattbuild_secure/includes user_home_page.php
2011.12.11 20:23 B n:\webs\softmv.com\PrattBuild\includes\vars.php --> prattbuild.ca /prattbuild_secure/includes vars.php
